f:\университет\17вв2\5 семестр\os\lab\lab5\mailserver\mailserver\debug\mailserver.pch
f:\университет\17вв2\5 семестр\os\lab\lab5\mailserver\mailserver\debug\pch.obj
f:\университет\17вв2\5 семестр\os\lab\lab5\mailserver\mailserver\debug\vc100.pdb
f:\университет\17вв2\5 семестр\os\lab\lab5\mailserver\mailserver\debug\mailserver.obj
f:\университет\17вв2\5 семестр\os\lab\lab5\mailserver\debug\mailserver.ilk
f:\университет\17вв2\5 семестр\os\lab\lab5\mailserver\debug\mailserver.exe
f:\университет\17вв2\5 семестр\os\lab\lab5\mailserver\mailserver\debug\mailserver.exe.intermediate.manifest
f:\университет\17вв2\5 семестр\os\lab\lab5\mailserver\debug\mailserver.pdb
f:\университет\17вв2\5 семестр\os\lab\lab5\mailserver\mailserver\debug\mailserver.exe.embed.manifest
f:\университет\17вв2\5 семестр\os\lab\lab5\mailserver\mailserver\debug\mailserver.exe.embed.manifest.res
c:\users\пользователь\source\repos\mailserver\mailserver\debug\mailserver.pch
c:\users\пользователь\source\repos\mailserver\mailserver\debug\vc141.pdb
c:\users\пользователь\source\repos\mailserver\mailserver\debug\vc141.idb
c:\users\пользователь\source\repos\mailserver\mailserver\debug\pch.obj
c:\users\пользователь\source\repos\mailserver\mailserver\debug\mailserver.obj
c:\users\пользователь\source\repos\mailserver\debug\mailserver.exe
c:\users\пользователь\source\repos\mailserver\debug\mailserver.ilk
c:\users\пользователь\source\repos\mailserver\debug\mailserver.pdb
d:\пту\операционки\lab\lab5\mailserver\mailserver\debug\mailserver.obj
d:\пту\операционки\lab\lab5\mailserver\mailserver\debug\pch.obj
d:\пту\операционки\lab\lab5\mailserver\mailserver\debug\mailserver.obj.enc
d:\пту\операционки\lab\lab5\mailserver\mailserver\debug\cl.command.1.tlog
d:\пту\операционки\lab\lab5\mailserver\mailserver\debug\cl.read.1.tlog
d:\пту\операционки\lab\lab5\mailserver\mailserver\debug\cl.write.1.tlog
d:\пту\операционки\lab\lab5\mailserver\mailserver\debug\link-cvtres.read.1.tlog
d:\пту\операционки\lab\lab5\mailserver\mailserver\debug\link-cvtres.write.1.tlog
d:\пту\операционки\lab\lab5\mailserver\mailserver\debug\link.3032-cvtres.read.1.tlog
d:\пту\операционки\lab\lab5\mailserver\mailserver\debug\link.3032-cvtres.write.1.tlog
d:\пту\операционки\lab\lab5\mailserver\mailserver\debug\link.3032.read.1.tlog
d:\пту\операционки\lab\lab5\mailserver\mailserver\debug\link.3032.write.1.tlog
d:\пту\операционки\lab\lab5\mailserver\mailserver\debug\link.command.1.tlog
d:\пту\операционки\lab\lab5\mailserver\mailserver\debug\link.read.1.tlog
d:\пту\операционки\lab\lab5\mailserver\mailserver\debug\link.write.1.tlog
d:\пту\операционки\lab\lab5\mailserver\mailserver\debug\mt.command.1.tlog
d:\пту\операционки\lab\lab5\mailserver\mailserver\debug\mt.read.1.tlog
d:\пту\операционки\lab\lab5\mailserver\mailserver\debug\mt.write.1.tlog
d:\пту\операционки\lab\lab5\mailserver\mailserver\debug\rc.command.1.tlog
d:\пту\операционки\lab\lab5\mailserver\mailserver\debug\rc.read.1.tlog
d:\пту\операционки\lab\lab5\mailserver\mailserver\debug\rc.write.1.tlog
d:\пту\операционки\lab\lab5\mailserver\mailserver\debug\mailserver.exe.embed.manifest
d:\пту\операционки\lab\lab5\mailserver\mailserver\debug\mailserver.exe.intermediate.manifest
d:\пту\операционки\lab\lab5\mailserver\mailserver\debug\mailserver.exe.embed.manifest.res
d:\пту\операционки\lab\lab5\mailserver\mailserver\debug\mailserver.pch
d:\пту\операционки\lab\lab5\mailserver\mailserver\debug\vc100.idb
d:\пту\операционки\lab\lab5\mailserver\mailserver\debug\vc100.pdb
d:\пту\операционки\lab\lab5\mailserver\mailserver\debug\mailserver_manifest.rc
d:\пту\операционки\lab\lab5\mailserver\debug\mailserver.pdb
d:\пту\операционки\lab\lab5\mailserver\debug\mailserver.exe
d:\пту\операционки\lab\lab5\mailserver\debug\mailserver.ilk
d:\пту\операционки\lab\lab5\mailserver\mailserver\debug\mailserver.tlog\cl.command.1.tlog
d:\пту\операционки\lab\lab5\mailserver\mailserver\debug\mailserver.tlog\cl.read.1.tlog
d:\пту\операционки\lab\lab5\mailserver\mailserver\debug\mailserver.tlog\cl.write.1.tlog
d:\пту\операционки\lab\lab5\mailserver\mailserver\debug\mailserver.tlog\link.command.1.tlog
d:\пту\операционки\lab\lab5\mailserver\mailserver\debug\mailserver.tlog\link.read.1.tlog
d:\пту\операционки\lab\lab5\mailserver\mailserver\debug\mailserver.tlog\link.write.1.tlog
