f:\университет\17вв2\5 семестр\os\lab\lab5\mailclient\mailclient\debug\mailclient.pch
f:\университет\17вв2\5 семестр\os\lab\lab5\mailclient\mailclient\debug\pch.obj
f:\университет\17вв2\5 семестр\os\lab\lab5\mailclient\mailclient\debug\vc100.pdb
f:\университет\17вв2\5 семестр\os\lab\lab5\mailclient\mailclient\debug\mailclient.obj
f:\университет\17вв2\5 семестр\os\lab\lab5\mailclient\debug\mailclient.ilk
f:\университет\17вв2\5 семестр\os\lab\lab5\mailclient\debug\mailclient.exe
f:\университет\17вв2\5 семестр\os\lab\lab5\mailclient\mailclient\debug\mailclient.exe.intermediate.manifest
f:\университет\17вв2\5 семестр\os\lab\lab5\mailclient\debug\mailclient.pdb
f:\университет\17вв2\5 семестр\os\lab\lab5\mailclient\mailclient\debug\mailclient.exe.embed.manifest
f:\университет\17вв2\5 семестр\os\lab\lab5\mailclient\mailclient\debug\mailclient.exe.embed.manifest.res
c:\users\пользователь\source\repos\mailclient\mailclient\debug\mailclient.pch
c:\users\пользователь\source\repos\mailclient\mailclient\debug\vc141.pdb
c:\users\пользователь\source\repos\mailclient\mailclient\debug\vc141.idb
c:\users\пользователь\source\repos\mailclient\mailclient\debug\pch.obj
c:\users\пользователь\source\repos\mailclient\mailclient\debug\mailclient.obj
c:\users\пользователь\source\repos\mailclient\debug\mailclient.exe
c:\users\пользователь\source\repos\mailclient\debug\mailclient.ilk
c:\users\пользователь\source\repos\mailclient\debug\mailclient.pdb
d:\пту\операционки\lab\lab5\mailclient\mailclient\debug\mailclient.obj
d:\пту\операционки\lab\lab5\mailclient\mailclient\debug\pch.obj
d:\пту\операционки\lab\lab5\mailclient\mailclient\debug\mailclient.ilk
d:\пту\операционки\lab\lab5\mailclient\mailclient\debug\cl.command.1.tlog
d:\пту\операционки\lab\lab5\mailclient\mailclient\debug\cl.read.1.tlog
d:\пту\операционки\lab\lab5\mailclient\mailclient\debug\cl.write.1.tlog
d:\пту\операционки\lab\lab5\mailclient\mailclient\debug\link-cvtres.read.1.tlog
d:\пту\операционки\lab\lab5\mailclient\mailclient\debug\link-cvtres.write.1.tlog
d:\пту\операционки\lab\lab5\mailclient\mailclient\debug\link.command.1.tlog
d:\пту\операционки\lab\lab5\mailclient\mailclient\debug\link.read.1.tlog
d:\пту\операционки\lab\lab5\mailclient\mailclient\debug\link.write.1.tlog
d:\пту\операционки\lab\lab5\mailclient\mailclient\debug\mt.command.1.tlog
d:\пту\операционки\lab\lab5\mailclient\mailclient\debug\mt.read.1.tlog
d:\пту\операционки\lab\lab5\mailclient\mailclient\debug\mt.write.1.tlog
d:\пту\операционки\lab\lab5\mailclient\mailclient\debug\rc.command.1.tlog
d:\пту\операционки\lab\lab5\mailclient\mailclient\debug\rc.read.1.tlog
d:\пту\операционки\lab\lab5\mailclient\mailclient\debug\rc.write.1.tlog
d:\пту\операционки\lab\lab5\mailclient\mailclient\debug\mailclient.exe.embed.manifest
d:\пту\операционки\lab\lab5\mailclient\mailclient\debug\mailclient.exe.intermediate.manifest
d:\пту\операционки\lab\lab5\mailclient\mailclient\debug\mailclient.exe.embed.manifest.res
d:\пту\операционки\lab\lab5\mailclient\mailclient\debug\mailclient.pch
d:\пту\операционки\lab\lab5\mailclient\mailclient\debug\vc100.idb
d:\пту\операционки\lab\lab5\mailclient\mailclient\debug\vc141.idb
d:\пту\операционки\lab\lab5\mailclient\mailclient\debug\mailclient.pdb
d:\пту\операционки\lab\lab5\mailclient\mailclient\debug\vc100.pdb
d:\пту\операционки\lab\lab5\mailclient\mailclient\debug\vc141.pdb
d:\пту\операционки\lab\lab5\mailclient\mailclient\debug\mailclient_manifest.rc
d:\пту\операционки\lab\lab5\mailclient\debug\mailclient.pdb
d:\пту\операционки\lab\lab5\mailclient\debug\mailclient.exe
d:\пту\операционки\lab\lab5\mailclient\debug\mailclient.ilk
d:\пту\операционки\lab\lab5\mailclient\mailclient\debug\mailclient.tlog\cl.command.1.tlog
d:\пту\операционки\lab\lab5\mailclient\mailclient\debug\mailclient.tlog\cl.read.1.tlog
d:\пту\операционки\lab\lab5\mailclient\mailclient\debug\mailclient.tlog\cl.write.1.tlog
d:\пту\операционки\lab\lab5\mailclient\mailclient\debug\mailclient.tlog\link.command.1.tlog
d:\пту\операционки\lab\lab5\mailclient\mailclient\debug\mailclient.tlog\link.read.1.tlog
d:\пту\операционки\lab\lab5\mailclient\mailclient\debug\mailclient.tlog\link.write.1.tlog
